# JRE version: Java(TM) SE Runtime Environment (8.0_202-b08) (build 1.8.0_202-b08)
# Java VM: Java HotSpot(TM) 64-Bit Server VM (25.202-b08 mixed mode windows-amd64 compressed oops)
Heap:
 PSYoungGen      total 291840K, used 30222K [0x00000000e0000000, 0x00000000fb380000, 0x0000000100000000)
  eden space 264704K, 11% used [0x00000000e0000000,0x00000000e1d83870,0x00000000f0280000)
  from space 27136K, 0% used [0x00000000f0280000,0x00000000f0280000,0x00000000f1d00000)
  to   space 35328K, 0% used [0x00000000f9100000,0x00000000f9100000,0x00000000fb380000)
 ParOldGen       total 516608K, used 62561K [0x00000000a0000000, 0x00000000bf880000, 0x00000000e0000000)
  object space 516608K, 12% used [0x00000000a0000000,0x00000000a3d18610,0x00000000bf880000)
 Metaspace       used 56301K, capacity 60232K, committed 60456K, reserved 1101824K
  class space    used 7968K, capacity 8669K, committed 8744K, reserved 1048576K
GC Heap History (10 events):
Event: 4.183 GC heap before
{Heap before GC invocations=6 (full 2):
 PSYoungGen      total 218624K, used 9515K [0x00000000e0000000, 0x00000000ef180000, 0x0000000100000000)
  eden space 197120K, 0% used [0x00000000e0000000,0x00000000e0000000,0x00000000ec080000)
  from space 21504K, 44% used [0x00000000ed580000,0x00000000edecac60,0x00000000eea80000)
  to   space 21504K, 0% used [0x00000000ec080000,0x00000000ec080000,0x00000000ed580000)
 ParOldGen       total 209920K, used 12720K [0x00000000a0000000, 0x00000000acd00000, 0x00000000e0000000)
  object space 209920K, 6% used [0x00000000a0000000,0x00000000a0c6c1f0,0x00000000acd00000)
 Metaspace       used 34706K, capacity 35434K, committed 35496K, reserved 1079296K
  class space    used 4814K, capacity 5010K, committed 5032K, reserved 1048576K
Event: 4.215 GC heap after
Heap after GC invocations=6 (full 2):
 PSYoungGen      total 218624K, used 0K [0x00000000e0000000, 0x00000000ef180000, 0x0000000100000000)
  eden space 197120K, 0% used [0x00000000e0000000,0x00000000e0000000,0x00000000ec080000)
  from space 21504K, 0% used [0x00000000ed580000,0x00000000ed580000,0x00000000eea80000)
  to   space 21504K, 0% used [0x00000000ec080000,0x00000000ec080000,0x00000000ed580000)
 ParOldGen       total 328704K, used 16079K [0x00000000a0000000, 0x00000000b4100000, 0x00000000e0000000)
  object space 328704K, 4% used [0x00000000a0000000,0x00000000a0fb3e40,0x00000000b4100000)
 Metaspace       used 34706K, capacity 35434K, committed 35496K, reserved 1079296K
  class space    used 4814K, capacity 5010K, committed 5032K, reserved 1048576K
}
Event: 5.837 GC heap before
{Heap before GC invocations=7 (full 2):
 PSYoungGen      total 218624K, used 197120K [0x00000000e0000000, 0x00000000ef180000, 0x0000000100000000)
  eden space 197120K, 100% used [0x00000000e0000000,0x00000000ec080000,0x00000000ec080000)
  from space 21504K, 0% used [0x00000000ed580000,0x00000000ed580000,0x00000000eea80000)
  to   space 21504K, 0% used [0x00000000ec080000,0x00000000ec080000,0x00000000ed580000)
 ParOldGen       total 328704K, used 16079K [0x00000000a0000000, 0x00000000b4100000, 0x00000000e0000000)
  object space 328704K, 4% used [0x00000000a0000000,0x00000000a0fb3e40,0x00000000b4100000)
 Metaspace       used 43379K, capacity 45058K, committed 45224K, reserved 1087488K
  class space    used 6106K, capacity 6458K, committed 6568K, reserved 1048576K
Event: 5.848 GC heap after
Heap after GC invocations=7 (full 2):
 PSYoungGen      total 218624K, used 14831K [0x00000000e0000000, 0x00000000f2d80000, 0x0000000100000000)
  eden space 197120K, 0% used [0x00000000e0000000,0x00000000e0000000,0x00000000ec080000)
  from space 21504K, 68% used [0x00000000ec080000,0x00000000ecefbdd0,0x00000000ed580000)
  to   space 16896K, 0% used [0x00000000f1d00000,0x00000000f1d00000,0x00000000f2d80000)
 ParOldGen       total 328704K, used 16087K [0x00000000a0000000, 0x00000000b4100000, 0x00000000e0000000)
  object space 328704K, 4% used [0x00000000a0000000,0x00000000a0fb5e40,0x00000000b4100000)
 Metaspace       used 43379K, capacity 45058K, committed 45224K, reserved 1087488K
  class space    used 6106K, capacity 6458K, committed 6568K, reserved 1048576K
}
Event: 7.530 GC heap before
{Heap before GC invocations=8 (full 2):
 PSYoungGen      total 218624K, used 211951K [0x00000000e0000000, 0x00000000f2d80000, 0x0000000100000000)
  eden space 197120K, 100% used [0x00000000e0000000,0x00000000ec080000,0x00000000ec080000)
  from space 21504K, 68% used [0x00000000ec080000,0x00000000ecefbdd0,0x00000000ed580000)
  to   space 16896K, 0% used [0x00000000f1d00000,0x00000000f1d00000,0x00000000f2d80000)
 ParOldGen       total 328704K, used 16087K [0x00000000a0000000, 0x00000000b4100000, 0x00000000e0000000)
  object space 328704K, 4% used [0x00000000a0000000,0x00000000a0fb5e40,0x00000000b4100000)
 Metaspace       used 50721K, capacity 53694K, committed 53928K, reserved 1095680K
  class space    used 7211K, capacity 7760K, committed 7848K, reserved 1048576K
Event: 7.545 GC heap after
Heap after GC invocations=8 (full 2):
 PSYoungGen      total 281600K, used 16870K [0x00000000e0000000, 0x00000000f3f80000, 0x0000000100000000)
  eden space 264704K, 0% used [0x00000000e0000000,0x00000000e0000000,0x00000000f0280000)
  from space 16896K, 99% used [0x00000000f1d00000,0x00000000f2d79a40,0x00000000f2d80000)
  to   space 27136K, 0% used [0x00000000f0280000,0x00000000f0280000,0x00000000f1d00000)
 ParOldGen       total 328704K, used 30361K [0x00000000a0000000, 0x00000000b4100000, 0x00000000e0000000)
  object space 328704K, 9% used [0x00000000a0000000,0x00000000a1da66a0,0x00000000b4100000)
 Metaspace       used 50721K, capacity 53694K, committed 53928K, reserved 1095680K
  class space    used 7211K, capacity 7760K, committed 7848K, reserved 1048576K
}
Event: 8.620 GC heap before
{Heap before GC invocations=9 (full 2):
 PSYoungGen      total 281600K, used 170152K [0x00000000e0000000, 0x00000000f3f80000, 0x0000000100000000)
  eden space 264704K, 57% used [0x00000000e0000000,0x00000000e95b0718,0x00000000f0280000)
  from space 16896K, 99% used [0x00000000f1d00000,0x00000000f2d79a40,0x00000000f2d80000)
  to   space 27136K, 0% used [0x00000000f0280000,0x00000000f0280000,0x00000000f1d00000)
 ParOldGen       total 328704K, used 30361K [0x00000000a0000000, 0x00000000b4100000, 0x00000000e0000000)
  object space 328704K, 9% used [0x00000000a0000000,0x00000000a1da66a0,0x00000000b4100000)
 Metaspace       used 54985K, capacity 59040K, committed 59160K, reserved 1099776K
  class space    used 7807K, capacity 8529K, committed 8616K, reserved 1048576K
Event: 8.637 GC heap after
Heap after GC invocations=9 (full 2):
 PSYoungGen      total 291840K, used 27126K [0x00000000e0000000, 0x00000000fb380000, 0x0000000100000000)
  eden space 264704K, 0% used [0x00000000e0000000,0x00000000e0000000,0x00000000f0280000)
  from space 27136K, 99% used [0x00000000f0280000,0x00000000f1cfda70,0x00000000f1d00000)
  to   space 35328K, 0% used [0x00000000f9100000,0x00000000f9100000,0x00000000fb380000)
 ParOldGen       total 328704K, used 38784K [0x00000000a0000000, 0x00000000b4100000, 0x00000000e0000000)
  object space 328704K, 11% used [0x00000000a0000000,0x00000000a25e0300,0x00000000b4100000)
 Metaspace       used 54985K, capacity 59040K, committed 59160K, reserved 1099776K
  class space    used 7807K, capacity 8529K, committed 8616K, reserved 1048576K
}
Event: 8.637 GC heap before
{Heap before GC invocations=10 (full 3):
 PSYoungGen      total 291840K, used 27126K [0x00000000e0000000, 0x00000000fb380000, 0x0000000100000000)
  eden space 264704K, 0% used [0x00000000e0000000,0x00000000e0000000,0x00000000f0280000)
  from space 27136K, 99% used [0x00000000f0280000,0x00000000f1cfda70,0x00000000f1d00000)
  to   space 35328K, 0% used [0x00000000f9100000,0x00000000f9100000,0x00000000fb380000)
 ParOldGen       total 328704K, used 38784K [0x00000000a0000000, 0x00000000b4100000, 0x00000000e0000000)
  object space 328704K, 11% used [0x00000000a0000000,0x00000000a25e0300,0x00000000b4100000)
 Metaspace       used 54985K, capacity 59040K, committed 59160K, reserved 1099776K
  class space    used 7807K, capacity 8529K, committed 8616K, reserved 1048576K
Event: 8.845 GC heap after
Heap after GC invocations=10 (full 3):
 PSYoungGen      total 291840K, used 0K [0x00000000e0000000, 0x00000000fb380000, 0x0000000100000000)
  eden space 264704K, 0% used [0x00000000e0000000,0x00000000e0000000,0x00000000f0280000)
  from space 27136K, 0% used [0x00000000f0280000,0x00000000f0280000,0x00000000f1d00000)
  to   space 35328K, 0% used [0x00000000f9100000,0x00000000f9100000,0x00000000fb380000)
 ParOldGen       total 516608K, used 62561K [0x00000000a0000000, 0x00000000bf880000, 0x00000000e0000000)
  object space 516608K, 12% used [0x00000000a0000000,0x00000000a3d18610,0x00000000bf880000)
 Metaspace       used 54943K, capacity 58902K, committed 59160K, reserved 1099776K
  class space    used 7794K, capacity 8506K, committed 8616K, reserved 1048576K
}

