# JRE version: Java(TM) SE Runtime Environment (8.0_202-b08) (build 1.8.0_202-b08)
# Java VM: Java HotSpot(TM) 64-Bit Server VM (25.202-b08 mixed mode windows-amd64 compressed oops)
Heap:
 PSYoungGen      total 439296K, used 100056K [0x00000000e0000000, 0x0000000100000000, 0x0000000100000000)
  eden space 370688K, 10% used [0x00000000e0000000,0x00000000e252f7c0,0x00000000f6a00000)
  from space 68608K, 90% used [0x00000000fbd00000,0x00000000ff986c20,0x0000000100000000)
  to   space 76800K, 0% used [0x00000000f6a00000,0x00000000f6a00000,0x00000000fb500000)
 ParOldGen       total 341504K, used 111478K [0x00000000a0000000, 0x00000000b4d80000, 0x00000000e0000000)
  object space 341504K, 32% used [0x00000000a0000000,0x00000000a6cddb78,0x00000000b4d80000)
 Metaspace       used 75201K, capacity 81006K, committed 81320K, reserved 1120256K
  class space    used 10215K, capacity 11306K, committed 11432K, reserved 1048576K
GC Heap History (10 events):
Event: 12.513 GC heap before
{Heap before GC invocations=11 (full 3):
 PSYoungGen      total 275968K, used 251392K [0x00000000e0000000, 0x00000000f9900000, 0x0000000100000000)
  eden space 251392K, 100% used [0x00000000e0000000,0x00000000ef580000,0x00000000ef580000)
  from space 24576K, 0% used [0x00000000ef580000,0x00000000ef580000,0x00000000f0d80000)
  to   space 34816K, 0% used [0x00000000f7700000,0x00000000f7700000,0x00000000f9900000)
 ParOldGen       total 341504K, used 62563K [0x00000000a0000000, 0x00000000b4d80000, 0x00000000e0000000)
  object space 341504K, 18% used [0x00000000a0000000,0x00000000a3d18ef0,0x00000000b4d80000)
 Metaspace       used 66267K, capacity 71194K, committed 71464K, reserved 1110016K
  class space    used 9294K, capacity 10257K, committed 10280K, reserved 1048576K
Event: 12.527 GC heap after
Heap after GC invocations=11 (full 3):
 PSYoungGen      total 334336K, used 24971K [0x00000000e0000000, 0x00000000f8f80000, 0x0000000100000000)
  eden space 309248K, 0% used [0x00000000e0000000,0x00000000e0000000,0x00000000f2e00000)
  from space 25088K, 99% used [0x00000000f7700000,0x00000000f8f62e60,0x00000000f8f80000)
  to   space 35840K, 0% used [0x00000000f4980000,0x00000000f4980000,0x00000000f6c80000)
 ParOldGen       total 341504K, used 62635K [0x00000000a0000000, 0x00000000b4d80000, 0x00000000e0000000)
  object space 341504K, 18% used [0x00000000a0000000,0x00000000a3d2af00,0x00000000b4d80000)
 Metaspace       used 66267K, capacity 71194K, committed 71464K, reserved 1110016K
  class space    used 9294K, capacity 10257K, committed 10280K, reserved 1048576K
}
Event: 15.130 GC heap before
{Heap before GC invocations=12 (full 3):
 PSYoungGen      total 334336K, used 334219K [0x00000000e0000000, 0x00000000f8f80000, 0x0000000100000000)
  eden space 309248K, 100% used [0x00000000e0000000,0x00000000f2e00000,0x00000000f2e00000)
  from space 25088K, 99% used [0x00000000f7700000,0x00000000f8f62e60,0x00000000f8f80000)
  to   space 35840K, 0% used [0x00000000f4980000,0x00000000f4980000,0x00000000f6c80000)
 ParOldGen       total 341504K, used 62635K [0x00000000a0000000, 0x00000000b4d80000, 0x00000000e0000000)
  object space 341504K, 18% used [0x00000000a0000000,0x00000000a3d2af00,0x00000000b4d80000)
 Metaspace       used 70566K, capacity 76080K, committed 76200K, reserved 1114112K
  class space    used 9773K, capacity 10877K, committed 10920K, reserved 1048576K
Event: 15.174 GC heap after
Heap after GC invocations=12 (full 3):
 PSYoungGen      total 373248K, used 35810K [0x00000000e0000000, 0x00000000fb380000, 0x0000000100000000)
  eden space 337408K, 0% used [0x00000000e0000000,0x00000000e0000000,0x00000000f4980000)
  from space 35840K, 99% used [0x00000000f4980000,0x00000000f6c788f0,0x00000000f6c80000)
  to   space 43520K, 0% used [0x00000000f8900000,0x00000000f8900000,0x00000000fb380000)
 ParOldGen       total 341504K, used 69406K [0x00000000a0000000, 0x00000000b4d80000, 0x00000000e0000000)
  object space 341504K, 20% used [0x00000000a0000000,0x00000000a43c7bb8,0x00000000b4d80000)
 Metaspace       used 70566K, capacity 76080K, committed 76200K, reserved 1114112K
  class space    used 9773K, capacity 10877K, committed 10920K, reserved 1048576K
}
Event: 17.253 GC heap before
{Heap before GC invocations=13 (full 3):
 PSYoungGen      total 373248K, used 373218K [0x00000000e0000000, 0x00000000fb380000, 0x0000000100000000)
  eden space 337408K, 100% used [0x00000000e0000000,0x00000000f4980000,0x00000000f4980000)
  from space 35840K, 99% used [0x00000000f4980000,0x00000000f6c788f0,0x00000000f6c80000)
  to   space 43520K, 0% used [0x00000000f8900000,0x00000000f8900000,0x00000000fb380000)
 ParOldGen       total 341504K, used 69406K [0x00000000a0000000, 0x00000000b4d80000, 0x00000000e0000000)
  object space 341504K, 20% used [0x00000000a0000000,0x00000000a43c7bb8,0x00000000b4d80000)
 Metaspace       used 74509K, capacity 80218K, committed 80424K, reserved 1118208K
  class space    used 10189K, capacity 11272K, committed 11304K, reserved 1048576K
Event: 17.284 GC heap after
Heap after GC invocations=13 (full 3):
 PSYoungGen      total 389120K, used 43505K [0x00000000e0000000, 0x00000000ff080000, 0x0000000100000000)
  eden space 345600K, 0% used [0x00000000e0000000,0x00000000e0000000,0x00000000f5180000)
  from space 43520K, 99% used [0x00000000f8900000,0x00000000fb37c4a0,0x00000000fb380000)
  to   space 56832K, 0% used [0x00000000f5180000,0x00000000f5180000,0x00000000f8900000)
 ParOldGen       total 341504K, used 89265K [0x00000000a0000000, 0x00000000b4d80000, 0x00000000e0000000)
  object space 341504K, 26% used [0x00000000a0000000,0x00000000a572c7d8,0x00000000b4d80000)
 Metaspace       used 74509K, capacity 80218K, committed 80424K, reserved 1118208K
  class space    used 10189K, capacity 11272K, committed 11304K, reserved 1048576K
}
Event: 18.791 GC heap before
{Heap before GC invocations=14 (full 3):
 PSYoungGen      total 389120K, used 389105K [0x00000000e0000000, 0x00000000ff080000, 0x0000000100000000)
  eden space 345600K, 100% used [0x00000000e0000000,0x00000000f5180000,0x00000000f5180000)
  from space 43520K, 99% used [0x00000000f8900000,0x00000000fb37c4a0,0x00000000fb380000)
  to   space 56832K, 0% used [0x00000000f5180000,0x00000000f5180000,0x00000000f8900000)
 ParOldGen       total 341504K, used 89265K [0x00000000a0000000, 0x00000000b4d80000, 0x00000000e0000000)
  object space 341504K, 26% used [0x00000000a0000000,0x00000000a572c7d8,0x00000000b4d80000)
 Metaspace       used 74981K, capacity 80784K, committed 80936K, reserved 1118208K
  class space    used 10211K, capacity 11303K, committed 11304K, reserved 1048576K
Event: 18.816 GC heap after
Heap after GC invocations=14 (full 3):
 PSYoungGen      total 402432K, used 56800K [0x00000000e0000000, 0x0000000100000000, 0x0000000100000000)
  eden space 345600K, 0% used [0x00000000e0000000,0x00000000e0000000,0x00000000f5180000)
  from space 56832K, 99% used [0x00000000f5180000,0x00000000f88f8290,0x00000000f8900000)
  to   space 68608K, 0% used [0x00000000fbd00000,0x00000000fbd00000,0x0000000100000000)
 ParOldGen       total 341504K, used 97709K [0x00000000a0000000, 0x00000000b4d80000, 0x00000000e0000000)
  object space 341504K, 28% used [0x00000000a0000000,0x00000000a5f6b730,0x00000000b4d80000)
 Metaspace       used 74981K, capacity 80784K, committed 80936K, reserved 1118208K
  class space    used 10211K, capacity 11303K, committed 11304K, reserved 1048576K
}
Event: 20.814 GC heap before
{Heap before GC invocations=15 (full 3):
 PSYoungGen      total 402432K, used 402400K [0x00000000e0000000, 0x0000000100000000, 0x0000000100000000)
  eden space 345600K, 100% used [0x00000000e0000000,0x00000000f5180000,0x00000000f5180000)
  from space 56832K, 99% used [0x00000000f5180000,0x00000000f88f8290,0x00000000f8900000)
  to   space 68608K, 0% used [0x00000000fbd00000,0x00000000fbd00000,0x0000000100000000)
 ParOldGen       total 341504K, used 97709K [0x00000000a0000000, 0x00000000b4d80000, 0x00000000e0000000)
  object space 341504K, 28% used [0x00000000a0000000,0x00000000a5f6b730,0x00000000b4d80000)
 Metaspace       used 75196K, capacity 81000K, committed 81320K, reserved 1120256K
  class space    used 10214K, capacity 11305K, committed 11432K, reserved 1048576K
Event: 20.848 GC heap after
Heap after GC invocations=15 (full 3):
 PSYoungGen      total 439296K, used 61979K [0x00000000e0000000, 0x0000000100000000, 0x0000000100000000)
  eden space 370688K, 0% used [0x00000000e0000000,0x00000000e0000000,0x00000000f6a00000)
  from space 68608K, 90% used [0x00000000fbd00000,0x00000000ff986c20,0x0000000100000000)
  to   space 76800K, 0% used [0x00000000f6a00000,0x00000000f6a00000,0x00000000fb500000)
 ParOldGen       total 341504K, used 111478K [0x00000000a0000000, 0x00000000b4d80000, 0x00000000e0000000)
  object space 341504K, 32% used [0x00000000a0000000,0x00000000a6cddb78,0x00000000b4d80000)
 Metaspace       used 75196K, capacity 81000K, committed 81320K, reserved 1120256K
  class space    used 10214K, capacity 11305K, committed 11432K, reserved 1048576K
}

